<?xml version="1.0" encoding="UTF-8"?>
<!-- Generated by org.testng.reporters.JUnitXMLReporter -->
<testsuite hostname="DESKTOP-1MUTQRP" ignored="5" name="Default test" tests="1" failures="0" timestamp="2021-03-14T21:12:54 EET" time="54.931" errors="0">
  <testcase name="upload5images" time="47.806" classname="Twitter.Submission.AutomateTCs"/>
  <testcase name="upload4images" time="0.0" classname="Twitter.Submission.AutomateTCs">
    <ignored/>
  </testcase> <!-- upload4images -->
  <testcase name="tweet281char" time="0.0" classname="Twitter.Submission.AutomateTCs">
    <ignored/>
  </testcase> <!-- tweet281char -->
  <testcase name="tweet280char" time="0.0" classname="Twitter.Submission.AutomateTCs">
    <ignored/>
  </testcase> <!-- tweet280char -->
  <testcase name="CreatePoll" time="0.0" classname="Twitter.Submission.AutomateTCs">
    <ignored/>
  </testcase> <!-- CreatePoll -->
  <testcase name="SameTweet" time="0.0" classname="Twitter.Submission.AutomateTCs">
    <ignored/>
  </testcase> <!-- SameTweet -->
</testsuite> <!-- Default test -->
